Using pre-set license
Built from '2021.3/staging' branch; Version is '2021.3.16f1 (4016570cf34f) revision 4200023'; Using compiler version '192829333'; Build Type 'Release'
OS: 'Windows 10  (10.0.19045) 64bit Education' Language: 'pl' Physical Memory: 32627 MB
BatchMode: 1, IsHumanControllingUs: 0, StartBugReporterOnCrash: 0, Is64bit: 1, IsPro: 1

COMMAND LINE ARGUMENTS:
C:\Program Files\Unity\Hub\Editor\2021.3.16f1\Editor\Unity.exe
-adb2
-batchMode
-noUpm
-name
AssetImportWorker0
-projectPath
C:/Users/Hackerman/FinalProject
-logFile
Logs/AssetImportWorker0.log
-srvPort
54793
Successfully changed project path to: C:/Users/Hackerman/FinalProject
C:/Users/Hackerman/FinalProject
[UnityMemory] Configuration Parameters - Can be set up in boot.config
    "memorysetup-bucket-allocator-granularity=16"
    "memorysetup-bucket-allocator-bucket-count=8"
    "memorysetup-bucket-allocator-block-size=33554432"
    "memorysetup-bucket-allocator-block-count=8"
    "memorysetup-main-allocator-block-size=16777216"
    "memorysetup-thread-allocator-block-size=16777216"
    "memorysetup-gfx-main-allocator-block-size=16777216"
    "memorysetup-gfx-thread-allocator-block-size=16777216"
    "memorysetup-cache-allocator-block-size=4194304"
    "memorysetup-typetree-allocator-block-size=2097152"
    "memorysetup-profiler-bucket-allocator-granularity=16"
    "memorysetup-profiler-bucket-allocator-bucket-count=8"
    "memorysetup-profiler-bucket-allocator-block-size=33554432"
    "memorysetup-profiler-bucket-allocator-block-count=8"
    "memorysetup-profiler-allocator-block-size=16777216"
    "memorysetup-profiler-editor-allocator-block-size=1048576"
    "memorysetup-temp-allocator-size-main=16777216"
    "memorysetup-job-temp-allocator-block-size=2097152"
    "memorysetup-job-temp-allocator-block-size-background=1048576"
    "memorysetup-job-temp-allocator-reduction-small-platforms=262144"
    "memorysetup-temp-allocator-size-background-worker=32768"
    "memorysetup-temp-allocator-size-job-worker=262144"
    "memorysetup-temp-allocator-size-preload-manager=33554432"
    "memorysetup-temp-allocator-size-nav-mesh-worker=65536"
    "memorysetup-temp-allocator-size-audio-worker=65536"
    "memorysetup-temp-allocator-size-cloud-worker=32768"
    "memorysetup-temp-allocator-size-gi-baking-worker=262144"
    "memorysetup-temp-allocator-size-gfx=262144"
Player connection [36532] Host "[IP] 192.168.100.160 [Port] 0 [Flags] 2 [Guid] 3367649522 [EditorId] 3367649522 [Version] 1048832 [Id] WindowsEditor(7,DESKTOP-PRS5GBK) [Debug] 1 [PackageName] WindowsEditor [ProjectName] Editor" joined multi-casting on [225.0.0.222:54997]...

Player connection [36532] Host "[IP] 192.168.100.160 [Port] 0 [Flags] 2 [Guid] 3367649522 [EditorId] 3367649522 [Version] 1048832 [Id] WindowsEditor(7,DESKTOP-PRS5GBK) [Debug] 1 [PackageName] WindowsEditor [ProjectName] Editor" joined alternative multi-casting on [225.0.0.222:34997]...

Refreshing native plugins compatible for Editor in 53.31 ms, found 3 plugins.
Preloading 0 native plugins for Editor in 0.00 ms.
Initialize engine version: 2021.3.16f1 (4016570cf34f)
[Subsystems] Discovering subsystems at path C:/Program Files/Unity/Hub/Editor/2021.3.16f1/Editor/Data/Resources/UnitySubsystems
[Subsystems] Discovering subsystems at path C:/Users/Hackerman/FinalProject/Assets
GfxDevice: creating device client; threaded=0; jobified=0
Direct3D:
    Version:  Direct3D 11.0 [level 11.1]
    Renderer: NVIDIA GeForce RTX 4070 Ti (ID=0x2782)
    Vendor:   NVIDIA
    VRAM:     12010 MB
    Driver:   31.0.15.2802
Initialize mono
Mono path[0] = 'C:/Program Files/Unity/Hub/Editor/2021.3.16f1/Editor/Data/Managed'
Mono path[1] = 'C:/Program Files/Unity/Hub/Editor/2021.3.16f1/Editor/Data/MonoBleedingEdge/lib/mono/unityjit-win32'
Mono config path = 'C:/Program Files/Unity/Hub/Editor/2021.3.16f1/Editor/Data/MonoBleedingEdge/etc'
Using monoOptions --debugger-agent=transport=dt_socket,embedding=1,server=y,suspend=n,address=127.0.0.1:56996
Begin MonoManager ReloadAssembly
Registering precompiled unity dll's ...
Register platform support module: C:/Program Files/Unity/Hub/Editor/2021.3.16f1/Editor/Data/PlaybackEngines/WebGLSupport/UnityEditor.WebGL.Extensions.dll
Register platform support module: C:/Program Files/Unity/Hub/Editor/2021.3.16f1/Editor/Data/PlaybackEngines/WindowsStandaloneSupport/UnityEditor.WindowsStandalone.Extensions.dll
Registered in 0.004370 seconds.
Native extension for WindowsStandalone target not found
Native extension for WebGL target not found
Refreshing native plugins compatible for Editor in 52.62 ms, found 3 plugins.
Preloading 0 native plugins for Editor in 0.00 ms.
Mono: successfully reloaded assembly
- Completed reload, in  0.445 seconds
Domain Reload Profiling:
	ReloadAssembly (445ms)
		BeginReloadAssembly (49ms)
			ExecutionOrderSort (0ms)
			DisableScriptedObjects (0ms)
			BackupInstance (0ms)
			ReleaseScriptingObjects (0ms)
			CreateAndSetChildDomain (1ms)
		EndReloadAssembly (315ms)
			LoadAssemblies (48ms)
			RebuildTransferFunctionScriptingTraits (0ms)
			SetupTypeCache (71ms)
			ReleaseScriptCaches (0ms)
			RebuildScriptCaches (18ms)
			SetupLoadedEditorAssemblies (190ms)
				LogAssemblyErrors (0ms)
				InitializePlatformSupportModulesInManaged (6ms)
				SetLoadedEditorAssemblies (0ms)
				RefreshPlugins (53ms)
				BeforeProcessingInitializeOnLoad (1ms)
				ProcessInitializeOnLoadAttributes (98ms)
				ProcessInitializeOnLoadMethodAttributes (33ms)
				AfterProcessingInitializeOnLoad (0ms)
				EditorAssembliesLoaded (0ms)
			ExecutionOrderSort2 (0ms)
			AwakeInstancesAfterBackupRestoration (0ms)
Platform modules already initialized, skipping
Registering precompiled user dll's ...
Registered in 0.003266 seconds.
Begin MonoManager ReloadAssembly
Symbol file LoadedFromMemory doesn't match image C:\Users\Hackerman\FinalProject\Library\PackageCache\com.unity.visualscripting@1.7.8\Editor\VisualScripting.Core\Dependencies\YamlDotNet\Unity.VisualScripting.YamlDotNet.dll
Symbol file LoadedFromMemory doesn't match image C:\Users\Hackerman\FinalProject\Library\PackageCache\com.unity.visualscripting@1.7.8\Editor\VisualScripting.Core\Dependencies\DotNetZip\Unity.VisualScripting.IonicZip.dll
Native extension for WindowsStandalone target not found
Native extension for WebGL target not found
Refreshing native plugins compatible for Editor in 0.40 ms, found 3 plugins.
Preloading 0 native plugins for Editor in 0.00 ms.
Mono: successfully reloaded assembly
- Completed reload, in  0.754 seconds
Domain Reload Profiling:
	ReloadAssembly (754ms)
		BeginReloadAssembly (73ms)
			ExecutionOrderSort (0ms)
			DisableScriptedObjects (4ms)
			BackupInstance (0ms)
			ReleaseScriptingObjects (0ms)
			CreateAndSetChildDomain (13ms)
		EndReloadAssembly (579ms)
			LoadAssemblies (53ms)
			RebuildTransferFunctionScriptingTraits (0ms)
			SetupTypeCache (196ms)
			ReleaseScriptCaches (0ms)
			RebuildScriptCaches (36ms)
			SetupLoadedEditorAssemblies (260ms)
				LogAssemblyErrors (0ms)
				InitializePlatformSupportModulesInManaged (6ms)
				SetLoadedEditorAssemblies (0ms)
				RefreshPlugins (0ms)
				BeforeProcessingInitializeOnLoad (57ms)
				ProcessInitializeOnLoadAttributes (172ms)
				ProcessInitializeOnLoadMethodAttributes (18ms)
				AfterProcessingInitializeOnLoad (4ms)
				EditorAssembliesLoaded (0ms)
			ExecutionOrderSort2 (0ms)
			AwakeInstancesAfterBackupRestoration (4ms)
Platform modules already initialized, skipping
========================================================================
Worker process is ready to serve import requests
Launched and connected shader compiler UnityShaderCompiler.exe after 0.05 seconds
Refreshing native plugins compatible for Editor in 0.67 ms, found 3 plugins.
Preloading 0 native plugins for Editor in 0.00 ms.
Unloading 3361 Unused Serialized files (Serialized files now loaded: 0)
Unloading 27 unused Assets / (113.4 KB). Loaded Objects now: 3818.
Memory consumption went from 115.6 MB to 115.5 MB.
Total: 2.479200 ms (FindLiveObjects: 0.182900 ms CreateObjectMapping: 0.078600 ms MarkObjects: 2.137300 ms  DeleteObjects: 0.079300 ms)

AssetImportParameters requested are different than current active one (requested -> active):
  custom:video-decoder-ogg-theora: a1e56fd34408186e4bbccfd4996cb3dc -> 
  custom:container-muxer-webm: aa71ff27fc2769a1b78a27578f13a17b -> 
  custom:container-demuxer-webm: 4f35f7cbe854078d1ac9338744f61a02 -> 
  custom:video-encoder-webm-vp8: eb34c28f22e8b96e1ab97ce403110664 -> 
  custom:audio-encoder-webm-vorbis: bf7c407c2cedff20999df2af8eb42d56 -> 
  custom:framework-win-MediaFoundation: 216162199b28c13a410421893ffa2e32 -> 
  custom:container-demuxer-ogg: 62fdf1f143b41e24485cea50d1cbac27 -> 
  custom:video-decoder-webm-vp8: 9c59270c3fd7afecdb556c50c9e8de78 -> 
  custom:audio-decoder-ogg-vorbis: bf7c407c2cedff20999df2af8eb42d56 -> 
========================================================================
Received Import Request.
  Time since last request: 493219.861321 seconds.
  path: Assets
  artifactKey: Guid(00000000000000001000000000000000) Importer(815301076,1909f56bfc062723c751e8b465ee728b)
Start importing Assets using Guid(00000000000000001000000000000000) Importer(815301076,1909f56bfc062723c751e8b465ee728b)  -> (artifact id: '79842766b460edbeab6a34051e857a80') in 0.007606 seconds 
========================================================================
Received Import Request.
  Time since last request: 744.925654 seconds.
  path: Assets/Materials
  artifactKey: Guid(5b3bd0aa095e39146816a97506f44eef) Importer(815301076,1909f56bfc062723c751e8b465ee728b)
Start importing Assets/Materials using Guid(5b3bd0aa095e39146816a97506f44eef) Importer(815301076,1909f56bfc062723c751e8b465ee728b)  -> (artifact id: '33fe035630805a53aefc1ac5ad4d5323') in 0.004675 seconds 
========================================================================
Received Import Request.
  Time since last request: 7.865076 seconds.
  path: Assets/Materials/New Material.mat
  artifactKey: Guid(3f4c6954601d9214aa37b729034f110e) Importer(815301076,1909f56bfc062723c751e8b465ee728b)
Start importing Assets/Materials/New Material.mat using Guid(3f4c6954601d9214aa37b729034f110e) Importer(815301076,1909f56bfc062723c751e8b465ee728b)  -> (artifact id: '2d43d8b056feb906d846d7cc08d0ed82') in 0.220118 seconds 
========================================================================
Received Import Request.
  Time since last request: 354.356799 seconds.
  path: Assets/Materials/New Material 1.mat
  artifactKey: Guid(598d71e165c7a0141a19efc902caaba7) Importer(815301076,1909f56bfc062723c751e8b465ee728b)
Start importing Assets/Materials/New Material 1.mat using Guid(598d71e165c7a0141a19efc902caaba7) Importer(815301076,1909f56bfc062723c751e8b465ee728b)  -> (artifact id: 'a3701a1416881992ce5542a70d221ca7') in 0.060050 seconds 
========================================================================
Received Import Request.
  Time since last request: 27.564198 seconds.
  path: Assets/Materials/New Material 2.mat
  artifactKey: Guid(caf11365bcc3a274eaa2c36e191fb175) Importer(815301076,1909f56bfc062723c751e8b465ee728b)
Start importing Assets/Materials/New Material 2.mat using Guid(caf11365bcc3a274eaa2c36e191fb175) Importer(815301076,1909f56bfc062723c751e8b465ee728b)  -> (artifact id: '9e7b415c206fd725f48417966b331446') in 0.020632 seconds 
========================================================================
Received Import Request.
  Time since last request: 400.175728 seconds.
  path: Assets/Materials/New Material 1.mat
  artifactKey: Guid(598d71e165c7a0141a19efc902caaba7) Importer(815301076,1909f56bfc062723c751e8b465ee728b)
Start importing Assets/Materials/New Material 1.mat using Guid(598d71e165c7a0141a19efc902caaba7) Importer(815301076,1909f56bfc062723c751e8b465ee728b)  -> (artifact id: '1afdd94b54e1e2f1b21ac7ee2db0f384') in 0.014516 seconds 
========================================================================
Received Import Request.
  Time since last request: 0.000020 seconds.
  path: Assets/Materials/New Material.mat
  artifactKey: Guid(3f4c6954601d9214aa37b729034f110e) Importer(815301076,1909f56bfc062723c751e8b465ee728b)
Start importing Assets/Materials/New Material.mat using Guid(3f4c6954601d9214aa37b729034f110e) Importer(815301076,1909f56bfc062723c751e8b465ee728b)  -> (artifact id: '09e679749c9218e8790db150f44f671d') in 0.010238 seconds 
========================================================================
Received Import Request.
  Time since last request: 1070.184334 seconds.
  path: Assets/Materials/New Material 3.mat
  artifactKey: Guid(f00bf358dd266c546810ffdf1b20ce86) Importer(815301076,1909f56bfc062723c751e8b465ee728b)
Start importing Assets/Materials/New Material 3.mat using Guid(f00bf358dd266c546810ffdf1b20ce86) Importer(815301076,1909f56bfc062723c751e8b465ee728b)  -> (artifact id: 'e49789f57bc50c5e3efcefa381230e13') in 0.010992 seconds 
========================================================================
Received Import Request.
  Time since last request: 3138.782797 seconds.
  path: Assets/Materials/New Prefab.prefab
  artifactKey: Guid(d65cb86d9024ea24db8349902d526345) Importer(815301076,1909f56bfc062723c751e8b465ee728b)
Start importing Assets/Materials/New Prefab.prefab using Guid(d65cb86d9024ea24db8349902d526345) Importer(815301076,1909f56bfc062723c751e8b465ee728b)  -> (artifact id: 'd91242bee539993528a533bddc4cdece') in 0.011470 seconds 
========================================================================
Received Import Request.
  Time since last request: 9.426549 seconds.
  path: Assets/Prefabs
  artifactKey: Guid(29d74431167dd5f4f9d0fc8d19f5626c) Importer(815301076,1909f56bfc062723c751e8b465ee728b)
Start importing Assets/Prefabs using Guid(29d74431167dd5f4f9d0fc8d19f5626c) Importer(815301076,1909f56bfc062723c751e8b465ee728b)  -> (artifact id: '7077b7eabcc8c138e29bbee777e81420') in 0.004248 seconds 
========================================================================
Received Import Request.
  Time since last request: 10.324440 seconds.
  path: Assets/Prefabs/SpaceShip.prefab
  artifactKey: Guid(eaa7ee8fa092117459989ee229575f37) Importer(815301076,1909f56bfc062723c751e8b465ee728b)
Start importing Assets/Prefabs/SpaceShip.prefab using Guid(eaa7ee8fa092117459989ee229575f37) Importer(815301076,1909f56bfc062723c751e8b465ee728b)  -> (artifact id: '1a5157cf9bb82834057bf909c4e799d0') in 0.005481 seconds 
========================================================================
Received Import Request.
  Time since last request: 27.117723 seconds.
  path: Assets/Prefabs/SpaceShip.prefab
  artifactKey: Guid(eaa7ee8fa092117459989ee229575f37) Importer(815301076,1909f56bfc062723c751e8b465ee728b)
Start importing Assets/Prefabs/SpaceShip.prefab using Guid(eaa7ee8fa092117459989ee229575f37) Importer(815301076,1909f56bfc062723c751e8b465ee728b)  -> (artifact id: '2ac4d9f6868973977f43c248ebf51030') in 0.047303 seconds 
========================================================================
Received Import Request.
  Time since last request: 92.797949 seconds.
  path: Assets/Prefabs/SpaceShip.prefab
  artifactKey: Guid(eaa7ee8fa092117459989ee229575f37) Importer(815301076,1909f56bfc062723c751e8b465ee728b)
Start importing Assets/Prefabs/SpaceShip.prefab using Guid(eaa7ee8fa092117459989ee229575f37) Importer(815301076,1909f56bfc062723c751e8b465ee728b)  -> (artifact id: 'ae2ce9f18454505707d3cba653894874') in 0.014040 seconds 
========================================================================
Received Import Request.
  Time since last request: 879.507348 seconds.
  path: Assets/Prefabs/AlienSpaceShip.prefab
  artifactKey: Guid(2dab78b0101f47e448d23e60964c064c) Importer(815301076,1909f56bfc062723c751e8b465ee728b)
Start importing Assets/Prefabs/AlienSpaceShip.prefab using Guid(2dab78b0101f47e448d23e60964c064c) Importer(815301076,1909f56bfc062723c751e8b465ee728b)  -> (artifact id: 'f7e02a82240c0f7012c6e1923ea6aba0') in 0.005992 seconds 
========================================================================
Received Import Request.
  Time since last request: 3.738020 seconds.
  path: Assets/Prefabs/AlienSpaceShip.prefab
  artifactKey: Guid(2dab78b0101f47e448d23e60964c064c) Importer(815301076,1909f56bfc062723c751e8b465ee728b)
Start importing Assets/Prefabs/AlienSpaceShip.prefab using Guid(2dab78b0101f47e448d23e60964c064c) Importer(815301076,1909f56bfc062723c751e8b465ee728b)  -> (artifact id: '9e0152f019139987965a62ac92e248b5') in 0.016229 seconds 
========================================================================
Received Import Request.
  Time since last request: 2222.333587 seconds.
  path: Assets/Materials/New Material 1.mat
  artifactKey: Guid(598d71e165c7a0141a19efc902caaba7) Importer(815301076,1909f56bfc062723c751e8b465ee728b)
Start importing Assets/Materials/New Material 1.mat using Guid(598d71e165c7a0141a19efc902caaba7) Importer(815301076,1909f56bfc062723c751e8b465ee728b)  -> (artifact id: '635693e90f53336ceb483fbd3afc66da') in 0.017242 seconds 
========================================================================
Received Import Request.
  Time since last request: 0.000021 seconds.
  path: Assets/Materials/New Material.mat
  artifactKey: Guid(3f4c6954601d9214aa37b729034f110e) Importer(815301076,1909f56bfc062723c751e8b465ee728b)
Start importing Assets/Materials/New Material.mat using Guid(3f4c6954601d9214aa37b729034f110e) Importer(815301076,1909f56bfc062723c751e8b465ee728b)  -> (artifact id: '7f988048835bb4a0c365434690101331') in 0.009636 seconds 
========================================================================
Received Import Request.
  Time since last request: 13.570767 seconds.
  path: Assets/Materials/AlienSpaceship
  artifactKey: Guid(880b407af9ba6944e875296251bd4c5c) Importer(815301076,1909f56bfc062723c751e8b465ee728b)
Start importing Assets/Materials/AlienSpaceship using Guid(880b407af9ba6944e875296251bd4c5c) Importer(815301076,1909f56bfc062723c751e8b465ee728b)  -> (artifact id: 'a1e8070358e0a948bd5a3049922b2b59') in 0.004575 seconds 
========================================================================
Received Import Request.
  Time since last request: 11.687511 seconds.
  path: Assets/Materials/PlayersSpaceship
  artifactKey: Guid(c9f6bc12c83ccbf44ac552268f443787) Importer(815301076,1909f56bfc062723c751e8b465ee728b)
Start importing Assets/Materials/PlayersSpaceship using Guid(c9f6bc12c83ccbf44ac552268f443787) Importer(815301076,1909f56bfc062723c751e8b465ee728b)  -> (artifact id: 'f4acf1afd4da1e83f62b750727c42a44') in 0.004552 seconds 
========================================================================
Received Import Request.
  Time since last request: 8.638086 seconds.
  path: Assets/Materials/PlayersSpaceship/New Material.mat
  artifactKey: Guid(724ffca230cc4f84ca83da4be6c8fd3d) Importer(815301076,1909f56bfc062723c751e8b465ee728b)
Start importing Assets/Materials/PlayersSpaceship/New Material.mat using Guid(724ffca230cc4f84ca83da4be6c8fd3d) Importer(815301076,1909f56bfc062723c751e8b465ee728b)  -> (artifact id: 'e41562798fa67f0fc70de1dc7ba7f0f0') in 0.009994 seconds 
========================================================================
Received Import Request.
  Time since last request: 112.307054 seconds.
  path: Assets/Materials/PlayersSpaceship/New Material 1.mat
  artifactKey: Guid(21ff1543c447a1642b4cc44abb68249a) Importer(815301076,1909f56bfc062723c751e8b465ee728b)
Start importing Assets/Materials/PlayersSpaceship/New Material 1.mat using Guid(21ff1543c447a1642b4cc44abb68249a) Importer(815301076,1909f56bfc062723c751e8b465ee728b)  -> (artifact id: '3359862416c7eab60bfa45911d11c575') in 0.026847 seconds 
========================================================================
Received Import Request.
  Time since last request: 136.375745 seconds.
  path: Assets/Materials/PlayersSpaceship/New Material 2.mat
  artifactKey: Guid(f339cec379e788c4c9e013ce1ec263ae) Importer(815301076,1909f56bfc062723c751e8b465ee728b)
Start importing Assets/Materials/PlayersSpaceship/New Material 2.mat using Guid(f339cec379e788c4c9e013ce1ec263ae) Importer(815301076,1909f56bfc062723c751e8b465ee728b)  -> (artifact id: '302bf9e7c209df9663fd8fcd596c5a52') in 0.027050 seconds 
========================================================================
Received Import Request.
  Time since last request: 26.040654 seconds.
  path: Assets/Materials/PlayersSpaceship/New Material 3.mat
  artifactKey: Guid(050e471ce77e55b49a46540922488463) Importer(815301076,1909f56bfc062723c751e8b465ee728b)
Start importing Assets/Materials/PlayersSpaceship/New Material 3.mat using Guid(050e471ce77e55b49a46540922488463) Importer(815301076,1909f56bfc062723c751e8b465ee728b)  -> (artifact id: 'b2b1b0525f79f43e6601772cbc1a8108') in 0.036685 seconds 
========================================================================
Received Import Request.
  Time since last request: 510.738374 seconds.
  path: Assets/Prefabs/AlienSpaceShip.prefab
  artifactKey: Guid(2dab78b0101f47e448d23e60964c064c) Importer(815301076,1909f56bfc062723c751e8b465ee728b)
Start importing Assets/Prefabs/AlienSpaceShip.prefab using Guid(2dab78b0101f47e448d23e60964c064c) Importer(815301076,1909f56bfc062723c751e8b465ee728b)  -> (artifact id: 'd565d1ecc22684a0c7bb9d8636644e60') in 0.016997 seconds 
========================================================================
Received Import Request.
  Time since last request: 7.994736 seconds.
  path: Assets/Prefabs/PlayersShip.prefab
  artifactKey: Guid(5c7b96659a16d05449f9754a74c6f801) Importer(815301076,1909f56bfc062723c751e8b465ee728b)
Start importing Assets/Prefabs/PlayersShip.prefab using Guid(5c7b96659a16d05449f9754a74c6f801) Importer(815301076,1909f56bfc062723c751e8b465ee728b)  -> (artifact id: '8c3f39abcb8f05380483a966f9cff01a') in 0.005922 seconds 
========================================================================
Received Import Request.
  Time since last request: 3.631234 seconds.
  path: Assets/Prefabs/PlayersShip.prefab
  artifactKey: Guid(5c7b96659a16d05449f9754a74c6f801) Importer(815301076,1909f56bfc062723c751e8b465ee728b)
Start importing Assets/Prefabs/PlayersShip.prefab using Guid(5c7b96659a16d05449f9754a74c6f801) Importer(815301076,1909f56bfc062723c751e8b465ee728b)  -> (artifact id: 'd3e823a617eafdb2dfcfbdc2f894ee6d') in 0.012320 seconds 
========================================================================
Received Prepare
Registering precompiled user dll's ...
Registered in 0.002996 seconds.
Begin MonoManager ReloadAssembly
Symbol file LoadedFromMemory doesn't match image C:\Users\Hackerman\FinalProject\Library\PackageCache\com.unity.visualscripting@1.7.8\Editor\VisualScripting.Core\Dependencies\YamlDotNet\Unity.VisualScripting.YamlDotNet.dll
Symbol file LoadedFromMemory doesn't match image C:\Users\Hackerman\FinalProject\Library\PackageCache\com.unity.visualscripting@1.7.8\Editor\VisualScripting.Core\Dependencies\DotNetZip\Unity.VisualScripting.IonicZip.dll
Native extension for WindowsStandalone target not found
Native extension for WebGL target not found
Refreshing native plugins compatible for Editor in 0.43 ms, found 3 plugins.
Preloading 0 native plugins for Editor in 0.00 ms.
Mono: successfully reloaded assembly
- Completed reload, in  0.734 seconds
Domain Reload Profiling:
	ReloadAssembly (735ms)
		BeginReloadAssembly (97ms)
			ExecutionOrderSort (0ms)
			DisableScriptedObjects (3ms)
			BackupInstance (0ms)
			ReleaseScriptingObjects (0ms)
			CreateAndSetChildDomain (28ms)
		EndReloadAssembly (567ms)
			LoadAssemblies (57ms)
			RebuildTransferFunctionScriptingTraits (0ms)
			SetupTypeCache (204ms)
			ReleaseScriptCaches (1ms)
			RebuildScriptCaches (29ms)
			SetupLoadedEditorAssemblies (239ms)
				LogAssemblyErrors (0ms)
				InitializePlatformSupportModulesInManaged (12ms)
				SetLoadedEditorAssemblies (0ms)
				RefreshPlugins (0ms)
				BeforeProcessingInitializeOnLoad (46ms)
				ProcessInitializeOnLoadAttributes (157ms)
				ProcessInitializeOnLoadMethodAttributes (19ms)
				AfterProcessingInitializeOnLoad (5ms)
				EditorAssembliesLoaded (0ms)
			ExecutionOrderSort2 (0ms)
			AwakeInstancesAfterBackupRestoration (5ms)
Platform modules already initialized, skipping
Refreshing native plugins compatible for Editor in 1.23 ms, found 3 plugins.
Preloading 0 native plugins for Editor in 0.00 ms.
Unloading 3356 Unused Serialized files (Serialized files now loaded: 0)
Unloading 20 unused Assets / (79.9 KB). Loaded Objects now: 3866.
Memory consumption went from 120.3 MB to 120.2 MB.
Total: 2.210300 ms (FindLiveObjects: 0.166700 ms CreateObjectMapping: 0.080300 ms MarkObjects: 1.893600 ms  DeleteObjects: 0.068800 ms)

AssetImportParameters requested are different than current active one (requested -> active):
  custom:video-decoder-ogg-theora: a1e56fd34408186e4bbccfd4996cb3dc -> 
  custom:container-muxer-webm: aa71ff27fc2769a1b78a27578f13a17b -> 
  custom:container-demuxer-webm: 4f35f7cbe854078d1ac9338744f61a02 -> 
  custom:video-encoder-webm-vp8: eb34c28f22e8b96e1ab97ce403110664 -> 
  custom:audio-encoder-webm-vorbis: bf7c407c2cedff20999df2af8eb42d56 -> 
  custom:framework-win-MediaFoundation: 216162199b28c13a410421893ffa2e32 -> 
  custom:container-demuxer-ogg: 62fdf1f143b41e24485cea50d1cbac27 -> 
  custom:video-decoder-webm-vp8: 9c59270c3fd7afecdb556c50c9e8de78 -> 
  custom:audio-decoder-ogg-vorbis: bf7c407c2cedff20999df2af8eb42d56 -> 
